[INFO] [2017-04-11 15:42:34][org.springframework.test.context.support.DefaultTestContextBootstrapper]Loaded default TestExecutionListener class names from location [META-INF/spring.factories]: [org.springframework.test.context.web.ServletTestExecutionListener, org.springframework.test.context.support.DirtiesContextBeforeModesTestExecutionListener, org.springframework.test.context.support.DependencyInjectionTestExecutionListener, org.springframework.test.context.support.DirtiesContextTestExecutionListener, org.springframework.test.context.transaction.TransactionalTestExecutionListener, org.springframework.test.context.jdbc.SqlScriptsTestExecutionListener]
[INFO] [2017-04-11 15:42:34][org.springframework.test.context.support.DefaultTestContextBootstrapper]Using TestExecutionListeners: [org.springframework.test.context.web.ServletTestExecutionListener@215be6bb, org.springframework.test.context.support.DirtiesContextBeforeModesTestExecutionListener@4439f31e, org.springframework.test.context.support.DependencyInjectionTestExecutionListener@5dfcfece, org.springframework.test.context.support.DirtiesContextTestExecutionListener@23ceabc1, org.springframework.test.context.transaction.TransactionalTestExecutionListener@5d5eef3d, org.springframework.test.context.jdbc.SqlScriptsTestExecutionListener@56f4468b]
[INFO] [2017-04-11 15:42:34][org.springframework.beans.factory.xml.XmlBeanDefinitionReader]Loading XML bean definitions from class path resource [spring-mybatis.xml]
[INFO] [2017-04-11 15:42:34][org.springframework.context.support.GenericApplicationContext]Refreshing org.springframework.context.support.GenericApplicationContext@f6c48ac: startup date [Tue Apr 11 15:42:34 CST 2017]; root of context hierarchy
[INFO] [2017-04-11 15:42:35][org.springframework.beans.factory.annotation.AutowiredAnnotationBeanPostProcessor]JSR-330 'javax.inject.Inject' annotation found and supported for autowiring
[WARN] [2017-04-11 15:42:35][org.springframework.context.support.GenericApplicationContext]Exception encountered during context initialization - cancelling refresh attempt: org.springframework.beans.factory.BeanCreationException: Error creating bean with name 'sqlSessionFactory' defined in class path resource [spring-mybatis.xml]: Invocation of init method failed; nested exception is org.springframework.core.NestedIOException: Failed to parse mapping resource: 'file [C:\Users\admin\workspace\GraduationRenting\target\classes\com\chars\mapping\UserMapper.xml]'; nested exception is org.apache.ibatis.builder.BuilderException: Error parsing Mapper XML. Cause: org.apache.ibatis.builder.BuilderException: Error resolving class. Cause: org.apache.ibatis.type.TypeException: Could not resolve type alias 'com.cn.hnust.pojo.User'.  Cause: java.lang.ClassNotFoundException: Cannot find class: com.cn.hnust.pojo.User
[ERROR] [2017-04-11 15:42:35][org.springframework.test.context.TestContextManager]Caught exception while allowing TestExecutionListener [org.springframework.test.context.support.DependencyInjectionTestExecutionListener@5dfcfece] to prepare test instance [com.chars.test.TestMybatis@3fc2959f]
java.lang.IllegalStateException: Failed to load ApplicationContext
	at org.springframework.test.context.cache.DefaultCacheAwareContextLoaderDelegate.loadContext(DefaultCacheAwareContextLoaderDelegate.java:124)
	at org.springframework.test.context.support.DefaultTestContext.getApplicationContext(DefaultTestContext.java:83)
	at org.springframework.test.context.support.DependencyInjectionTestExecutionListener.injectDependencies(DependencyInjectionTestExecutionListener.java:117)
	at org.springframework.test.context.support.DependencyInjectionTestExecutionListener.prepareTestInstance(DependencyInjectionTestExecutionListener.java:83)
	at org.springframework.test.context.TestContextManager.prepareTestInstance(TestContextManager.java:230)
	at org.springframework.test.context.junit4.SpringJUnit4ClassRunner.createTest(SpringJUnit4ClassRunner.java:228)
	at org.springframework.test.context.junit4.SpringJUnit4ClassRunner$1.runReflectiveCall(SpringJUnit4ClassRunner.java:287)
	at org.junit.internal.runners.model.ReflectiveCallable.run(ReflectiveCallable.java:12)
	at org.springframework.test.context.junit4.SpringJUnit4ClassRunner.methodBlock(SpringJUnit4ClassRunner.java:289)
	at org.springframework.test.context.junit4.SpringJUnit4ClassRunner.runChild(SpringJUnit4ClassRunner.java:247)
	at org.springframework.test.context.junit4.SpringJUnit4ClassRunner.runChild(SpringJUnit4ClassRunner.java:94)
	at org.junit.runners.ParentRunner$3.run(ParentRunner.java:290)
	at org.junit.runners.ParentRunner$1.schedule(ParentRunner.java:71)
	at org.junit.runners.ParentRunner.runChildren(ParentRunner.java:288)
	at org.junit.runners.ParentRunner.access$000(ParentRunner.java:58)
	at org.junit.runners.ParentRunner$2.evaluate(ParentRunner.java:268)
	at org.springframework.test.context.junit4.statements.RunBeforeTestClassCallbacks.evaluate(RunBeforeTestClassCallbacks.java:61)
	at org.springframework.test.context.junit4.statements.RunAfterTestClassCallbacks.evaluate(RunAfterTestClassCallbacks.java:70)
	at org.junit.runners.ParentRunner.run(ParentRunner.java:363)
	at org.springframework.test.context.junit4.SpringJUnit4ClassRunner.run(SpringJUnit4ClassRunner.java:191)
	at org.eclipse.jdt.internal.junit4.runner.JUnit4TestReference.run(JUnit4TestReference.java:86)
	at org.eclipse.jdt.internal.junit.runner.TestExecution.run(TestExecution.java:38)
	at org.eclipse.jdt.internal.junit.runner.RemoteTestRunner.runTests(RemoteTestRunner.java:459)
	at org.eclipse.jdt.internal.junit.runner.RemoteTestRunner.runTests(RemoteTestRunner.java:678)
	at org.eclipse.jdt.internal.junit.runner.RemoteTestRunner.run(RemoteTestRunner.java:382)
	at org.eclipse.jdt.internal.junit.runner.RemoteTestRunner.main(RemoteTestRunner.java:192)
Caused by: org.springframework.beans.factory.BeanCreationException: Error creating bean with name 'sqlSessionFactory' defined in class path resource [spring-mybatis.xml]: Invocation of init method failed; nested exception is org.springframework.core.NestedIOException: Failed to parse mapping resource: 'file [C:\Users\admin\workspace\GraduationRenting\target\classes\com\chars\mapping\UserMapper.xml]'; nested exception is org.apache.ibatis.builder.BuilderException: Error parsing Mapper XML. Cause: org.apache.ibatis.builder.BuilderException: Error resolving class. Cause: org.apache.ibatis.type.TypeException: Could not resolve type alias 'com.cn.hnust.pojo.User'.  Cause: java.lang.ClassNotFoundException: Cannot find class: com.cn.hnust.pojo.User
	at org.springframework.beans.factory.support.AbstractAutowireCapableBeanFactory.initializeBean(AbstractAutowireCapableBeanFactory.java:1628)
	at org.springframework.beans.factory.support.AbstractAutowireCapableBeanFactory.doCreateBean(AbstractAutowireCapableBeanFactory.java:555)
	at org.springframework.beans.factory.support.AbstractAutowireCapableBeanFactory.createBean(AbstractAutowireCapableBeanFactory.java:483)
	at org.springframework.beans.factory.support.AbstractBeanFactory$1.getObject(AbstractBeanFactory.java:306)
	at org.springframework.beans.factory.support.DefaultSingletonBeanRegistry.getSingleton(DefaultSingletonBeanRegistry.java:230)
	at org.springframework.beans.factory.support.AbstractBeanFactory.doGetBean(AbstractBeanFactory.java:302)
	at org.springframework.beans.factory.support.AbstractBeanFactory.getBean(AbstractBeanFactory.java:197)
	at org.springframework.beans.factory.support.DefaultListableBeanFactory.preInstantiateSingletons(DefaultListableBeanFactory.java:742)
	at org.springframework.context.support.AbstractApplicationContext.finishBeanFactoryInitialization(AbstractApplicationContext.java:866)
	at org.springframework.context.support.AbstractApplicationContext.refresh(AbstractApplicationContext.java:542)
	at org.springframework.test.context.support.AbstractGenericContextLoader.loadContext(AbstractGenericContextLoader.java:128)
	at org.springframework.test.context.support.AbstractGenericContextLoader.loadContext(AbstractGenericContextLoader.java:60)
	at org.springframework.test.context.support.AbstractDelegatingSmartContextLoader.delegateLoading(AbstractDelegatingSmartContextLoader.java:108)
	at org.springframework.test.context.support.AbstractDelegatingSmartContextLoader.loadContext(AbstractDelegatingSmartContextLoader.java:251)
	at org.springframework.test.context.cache.DefaultCacheAwareContextLoaderDelegate.loadContextInternal(DefaultCacheAwareContextLoaderDelegate.java:98)
	at org.springframework.test.context.cache.DefaultCacheAwareContextLoaderDelegate.loadContext(DefaultCacheAwareContextLoaderDelegate.java:116)
	... 25 more
Caused by: org.springframework.core.NestedIOException: Failed to parse mapping resource: 'file [C:\Users\admin\workspace\GraduationRenting\target\classes\com\chars\mapping\UserMapper.xml]'; nested exception is org.apache.ibatis.builder.BuilderException: Error parsing Mapper XML. Cause: org.apache.ibatis.builder.BuilderException: Error resolving class. Cause: org.apache.ibatis.type.TypeException: Could not resolve type alias 'com.cn.hnust.pojo.User'.  Cause: java.lang.ClassNotFoundException: Cannot find class: com.cn.hnust.pojo.User
	at org.mybatis.spring.SqlSessionFactoryBean.buildSqlSessionFactory(SqlSessionFactoryBean.java:466)
	at org.mybatis.spring.SqlSessionFactoryBean.afterPropertiesSet(SqlSessionFactoryBean.java:340)
	at org.springframework.beans.factory.support.AbstractAutowireCapableBeanFactory.invokeInitMethods(AbstractAutowireCapableBeanFactory.java:1687)
	at org.springframework.beans.factory.support.AbstractAutowireCapableBeanFactory.initializeBean(AbstractAutowireCapableBeanFactory.java:1624)
	... 40 more
Caused by: org.apache.ibatis.builder.BuilderException: Error parsing Mapper XML. Cause: org.apache.ibatis.builder.BuilderException: Error resolving class. Cause: org.apache.ibatis.type.TypeException: Could not resolve type alias 'com.cn.hnust.pojo.User'.  Cause: java.lang.ClassNotFoundException: Cannot find class: com.cn.hnust.pojo.User
	at org.apache.ibatis.builder.xml.XMLMapperBuilder.configurationElement(XMLMapperBuilder.java:120)
	at org.apache.ibatis.builder.xml.XMLMapperBuilder.parse(XMLMapperBuilder.java:92)
	at org.mybatis.spring.SqlSessionFactoryBean.buildSqlSessionFactory(SqlSessionFactoryBean.java:464)
	... 43 more
Caused by: org.apache.ibatis.builder.BuilderException: Error resolving class. Cause: org.apache.ibatis.type.TypeException: Could not resolve type alias 'com.cn.hnust.pojo.User'.  Cause: java.lang.ClassNotFoundException: Cannot find class: com.cn.hnust.pojo.User
	at org.apache.ibatis.builder.BaseBuilder.resolveClass(BaseBuilder.java:103)
	at org.apache.ibatis.builder.xml.XMLMapperBuilder.resultMapElement(XMLMapperBuilder.java:264)
	at org.apache.ibatis.builder.xml.XMLMapperBuilder.resultMapElement(XMLMapperBuilder.java:251)
	at org.apache.ibatis.builder.xml.XMLMapperBuilder.resultMapElements(XMLMapperBuilder.java:243)
	at org.apache.ibatis.builder.xml.XMLMapperBuilder.configurationElement(XMLMapperBuilder.java:116)
	... 45 more
Caused by: org.apache.ibatis.type.TypeException: Could not resolve type alias 'com.cn.hnust.pojo.User'.  Cause: java.lang.ClassNotFoundException: Cannot find class: com.cn.hnust.pojo.User
	at org.apache.ibatis.type.TypeAliasRegistry.resolveAlias(TypeAliasRegistry.java:117)
	at org.apache.ibatis.builder.BaseBuilder.resolveAlias(BaseBuilder.java:130)
	at org.apache.ibatis.builder.BaseBuilder.resolveClass(BaseBuilder.java:101)
	... 49 more
Caused by: java.lang.ClassNotFoundException: Cannot find class: com.cn.hnust.pojo.User
	at org.apache.ibatis.io.ClassLoaderWrapper.classForName(ClassLoaderWrapper.java:190)
	at org.apache.ibatis.io.ClassLoaderWrapper.classForName(ClassLoaderWrapper.java:89)
	at org.apache.ibatis.io.Resources.classForName(Resources.java:256)
	at org.apache.ibatis.type.TypeAliasRegistry.resolveAlias(TypeAliasRegistry.java:113)
	... 51 more
[INFO] [2017-04-11 15:51:11][org.springframework.test.context.support.DefaultTestContextBootstrapper]Loaded default TestExecutionListener class names from location [META-INF/spring.factories]: [org.springframework.test.context.web.ServletTestExecutionListener, org.springframework.test.context.support.DirtiesContextBeforeModesTestExecutionListener, org.springframework.test.context.support.DependencyInjectionTestExecutionListener, org.springframework.test.context.support.DirtiesContextTestExecutionListener, org.springframework.test.context.transaction.TransactionalTestExecutionListener, org.springframework.test.context.jdbc.SqlScriptsTestExecutionListener]
[INFO] [2017-04-11 15:51:11][org.springframework.test.context.support.DefaultTestContextBootstrapper]Using TestExecutionListeners: [org.springframework.test.context.web.ServletTestExecutionListener@215be6bb, org.springframework.test.context.support.DirtiesContextBeforeModesTestExecutionListener@4439f31e, org.springframework.test.context.support.DependencyInjectionTestExecutionListener@5dfcfece, org.springframework.test.context.support.DirtiesContextTestExecutionListener@23ceabc1, org.springframework.test.context.transaction.TransactionalTestExecutionListener@5d5eef3d, org.springframework.test.context.jdbc.SqlScriptsTestExecutionListener@56f4468b]
[INFO] [2017-04-11 15:51:11][org.springframework.beans.factory.xml.XmlBeanDefinitionReader]Loading XML bean definitions from class path resource [spring-mybatis.xml]
[INFO] [2017-04-11 15:51:11][org.springframework.context.support.GenericApplicationContext]Refreshing org.springframework.context.support.GenericApplicationContext@f6c48ac: startup date [Tue Apr 11 15:51:11 CST 2017]; root of context hierarchy
[INFO] [2017-04-11 15:51:12][org.springframework.beans.factory.annotation.AutowiredAnnotationBeanPostProcessor]JSR-330 'javax.inject.Inject' annotation found and supported for autowiring
[INFO] [2017-04-11 15:51:12][org.springframework.context.support.GenericApplicationContext]Closing org.springframework.context.support.GenericApplicationContext@f6c48ac: startup date [Tue Apr 11 15:51:11 CST 2017]; root of context hierarchy
[INFO] [2017-04-11 15:53:55][org.springframework.test.context.support.DefaultTestContextBootstrapper]Loaded default TestExecutionListener class names from location [META-INF/spring.factories]: [org.springframework.test.context.web.ServletTestExecutionListener, org.springframework.test.context.support.DirtiesContextBeforeModesTestExecutionListener, org.springframework.test.context.support.DependencyInjectionTestExecutionListener, org.springframework.test.context.support.DirtiesContextTestExecutionListener, org.springframework.test.context.transaction.TransactionalTestExecutionListener, org.springframework.test.context.jdbc.SqlScriptsTestExecutionListener]
[INFO] [2017-04-11 15:53:55][org.springframework.test.context.support.DefaultTestContextBootstrapper]Using TestExecutionListeners: [org.springframework.test.context.web.ServletTestExecutionListener@215be6bb, org.springframework.test.context.support.DirtiesContextBeforeModesTestExecutionListener@4439f31e, org.springframework.test.context.support.DependencyInjectionTestExecutionListener@5dfcfece, org.springframework.test.context.support.DirtiesContextTestExecutionListener@23ceabc1, org.springframework.test.context.transaction.TransactionalTestExecutionListener@5d5eef3d, org.springframework.test.context.jdbc.SqlScriptsTestExecutionListener@56f4468b]
[INFO] [2017-04-11 15:53:55][org.springframework.beans.factory.xml.XmlBeanDefinitionReader]Loading XML bean definitions from class path resource [spring-mybatis.xml]
[INFO] [2017-04-11 15:53:56][org.springframework.context.support.GenericApplicationContext]Refreshing org.springframework.context.support.GenericApplicationContext@f6c48ac: startup date [Tue Apr 11 15:53:56 CST 2017]; root of context hierarchy
[INFO] [2017-04-11 15:53:56][org.springframework.beans.factory.annotation.AutowiredAnnotationBeanPostProcessor]JSR-330 'javax.inject.Inject' annotation found and supported for autowiring
[INFO] [2017-04-11 15:53:57][org.springframework.context.support.GenericApplicationContext]Closing org.springframework.context.support.GenericApplicationContext@f6c48ac: startup date [Tue Apr 11 15:53:56 CST 2017]; root of context hierarchy
[INFO] [2017-04-11 15:59:46][org.springframework.test.context.support.DefaultTestContextBootstrapper]Loaded default TestExecutionListener class names from location [META-INF/spring.factories]: [org.springframework.test.context.web.ServletTestExecutionListener, org.springframework.test.context.support.DirtiesContextBeforeModesTestExecutionListener, org.springframework.test.context.support.DependencyInjectionTestExecutionListener, org.springframework.test.context.support.DirtiesContextTestExecutionListener, org.springframework.test.context.transaction.TransactionalTestExecutionListener, org.springframework.test.context.jdbc.SqlScriptsTestExecutionListener]
[INFO] [2017-04-11 15:59:46][org.springframework.test.context.support.DefaultTestContextBootstrapper]Using TestExecutionListeners: [org.springframework.test.context.web.ServletTestExecutionListener@56f4468b, org.springframework.test.context.support.DirtiesContextBeforeModesTestExecutionListener@6cc4c815, org.springframework.test.context.support.DependencyInjectionTestExecutionListener@3a82f6ef, org.springframework.test.context.support.DirtiesContextTestExecutionListener@100fc185, org.springframework.test.context.transaction.TransactionalTestExecutionListener@643b1d11, org.springframework.test.context.jdbc.SqlScriptsTestExecutionListener@2ef5e5e3]
[INFO] [2017-04-11 15:59:47][org.springframework.beans.factory.xml.XmlBeanDefinitionReader]Loading XML bean definitions from class path resource [spring-mybatis.xml]
[INFO] [2017-04-11 15:59:48][org.springframework.context.support.GenericApplicationContext]Refreshing org.springframework.context.support.GenericApplicationContext@31ef45e3: startup date [Tue Apr 11 15:59:48 CST 2017]; root of context hierarchy
[INFO] [2017-04-11 15:59:48][org.springframework.beans.factory.annotation.AutowiredAnnotationBeanPostProcessor]JSR-330 'javax.inject.Inject' annotation found and supported for autowiring
[INFO] [2017-04-11 15:59:52][org.springframework.context.support.GenericApplicationContext]Closing org.springframework.context.support.GenericApplicationContext@31ef45e3: startup date [Tue Apr 11 15:59:48 CST 2017]; root of context hierarchy
[INFO] [2017-04-11 16:00:12][org.springframework.test.context.support.DefaultTestContextBootstrapper]Loaded default TestExecutionListener class names from location [META-INF/spring.factories]: [org.springframework.test.context.web.ServletTestExecutionListener, org.springframework.test.context.support.DirtiesContextBeforeModesTestExecutionListener, org.springframework.test.context.support.DependencyInjectionTestExecutionListener, org.springframework.test.context.support.DirtiesContextTestExecutionListener, org.springframework.test.context.transaction.TransactionalTestExecutionListener, org.springframework.test.context.jdbc.SqlScriptsTestExecutionListener]
[INFO] [2017-04-11 16:00:13][org.springframework.test.context.support.DefaultTestContextBootstrapper]Using TestExecutionListeners: [org.springframework.test.context.web.ServletTestExecutionListener@56f4468b, org.springframework.test.context.support.DirtiesContextBeforeModesTestExecutionListener@6cc4c815, org.springframework.test.context.support.DependencyInjectionTestExecutionListener@3a82f6ef, org.springframework.test.context.support.DirtiesContextTestExecutionListener@100fc185, org.springframework.test.context.transaction.TransactionalTestExecutionListener@643b1d11, org.springframework.test.context.jdbc.SqlScriptsTestExecutionListener@2ef5e5e3]
[INFO] [2017-04-11 16:00:13][org.springframework.beans.factory.xml.XmlBeanDefinitionReader]Loading XML bean definitions from class path resource [spring-mybatis.xml]
[INFO] [2017-04-11 16:00:13][org.springframework.context.support.GenericApplicationContext]Refreshing org.springframework.context.support.GenericApplicationContext@31ef45e3: startup date [Tue Apr 11 16:00:13 CST 2017]; root of context hierarchy
[INFO] [2017-04-11 16:00:13][org.springframework.beans.factory.annotation.AutowiredAnnotationBeanPostProcessor]JSR-330 'javax.inject.Inject' annotation found and supported for autowiring
[INFO] [2017-04-11 16:00:14][org.springframework.context.support.GenericApplicationContext]Closing org.springframework.context.support.GenericApplicationContext@31ef45e3: startup date [Tue Apr 11 16:00:13 CST 2017]; root of context hierarchy
[INFO] [2017-04-11 17:11:16][org.springframework.test.context.support.DefaultTestContextBootstrapper]Loaded default TestExecutionListener class names from location [META-INF/spring.factories]: [org.springframework.test.context.web.ServletTestExecutionListener, org.springframework.test.context.support.DirtiesContextBeforeModesTestExecutionListener, org.springframework.test.context.support.DependencyInjectionTestExecutionListener, org.springframework.test.context.support.DirtiesContextTestExecutionListener, org.springframework.test.context.transaction.TransactionalTestExecutionListener, org.springframework.test.context.jdbc.SqlScriptsTestExecutionListener]
[INFO] [2017-04-11 17:11:16][org.springframework.test.context.support.DefaultTestContextBootstrapper]Using TestExecutionListeners: [org.springframework.test.context.web.ServletTestExecutionListener@56f4468b, org.springframework.test.context.support.DirtiesContextBeforeModesTestExecutionListener@6cc4c815, org.springframework.test.context.support.DependencyInjectionTestExecutionListener@3a82f6ef, org.springframework.test.context.support.DirtiesContextTestExecutionListener@100fc185, org.springframework.test.context.transaction.TransactionalTestExecutionListener@643b1d11, org.springframework.test.context.jdbc.SqlScriptsTestExecutionListener@2ef5e5e3]
[INFO] [2017-04-11 17:11:16][org.springframework.beans.factory.xml.XmlBeanDefinitionReader]Loading XML bean definitions from class path resource [spring-mybatis.xml]
[INFO] [2017-04-11 17:11:17][org.springframework.context.support.GenericApplicationContext]Refreshing org.springframework.context.support.GenericApplicationContext@31ef45e3: startup date [Tue Apr 11 17:11:17 CST 2017]; root of context hierarchy
[INFO] [2017-04-11 17:11:18][org.springframework.beans.factory.annotation.AutowiredAnnotationBeanPostProcessor]JSR-330 'javax.inject.Inject' annotation found and supported for autowiring
[INFO] [2017-04-11 17:11:20][org.springframework.beans.factory.xml.XmlBeanDefinitionReader]Loading XML bean definitions from class path resource [org/springframework/jdbc/support/sql-error-codes.xml]
[INFO] [2017-04-11 17:11:20][org.springframework.jdbc.support.SQLErrorCodesFactory]SQLErrorCodes loaded: [DB2, Derby, H2, HSQL, Informix, MS-SQL, MySQL, Oracle, PostgreSQL, Sybase, Hana]
[INFO] [2017-04-11 17:11:20][org.springframework.context.support.GenericApplicationContext]Closing org.springframework.context.support.GenericApplicationContext@31ef45e3: startup date [Tue Apr 11 17:11:17 CST 2017]; root of context hierarchy
[INFO] [2017-04-11 17:13:08][org.springframework.test.context.support.DefaultTestContextBootstrapper]Loaded default TestExecutionListener class names from location [META-INF/spring.factories]: [org.springframework.test.context.web.ServletTestExecutionListener, org.springframework.test.context.support.DirtiesContextBeforeModesTestExecutionListener, org.springframework.test.context.support.DependencyInjectionTestExecutionListener, org.springframework.test.context.support.DirtiesContextTestExecutionListener, org.springframework.test.context.transaction.TransactionalTestExecutionListener, org.springframework.test.context.jdbc.SqlScriptsTestExecutionListener]
[INFO] [2017-04-11 17:13:08][org.springframework.test.context.support.DefaultTestContextBootstrapper]Using TestExecutionListeners: [org.springframework.test.context.web.ServletTestExecutionListener@56f4468b, org.springframework.test.context.support.DirtiesContextBeforeModesTestExecutionListener@6cc4c815, org.springframework.test.context.support.DependencyInjectionTestExecutionListener@3a82f6ef, org.springframework.test.context.support.DirtiesContextTestExecutionListener@100fc185, org.springframework.test.context.transaction.TransactionalTestExecutionListener@643b1d11, org.springframework.test.context.jdbc.SqlScriptsTestExecutionListener@2ef5e5e3]
[INFO] [2017-04-11 17:13:08][org.springframework.beans.factory.xml.XmlBeanDefinitionReader]Loading XML bean definitions from class path resource [spring-mybatis.xml]
[INFO] [2017-04-11 17:13:08][org.springframework.context.support.GenericApplicationContext]Refreshing org.springframework.context.support.GenericApplicationContext@31ef45e3: startup date [Tue Apr 11 17:13:08 CST 2017]; root of context hierarchy
[INFO] [2017-04-11 17:13:09][org.springframework.beans.factory.annotation.AutowiredAnnotationBeanPostProcessor]JSR-330 'javax.inject.Inject' annotation found and supported for autowiring
[INFO] [2017-04-11 17:13:10][org.springframework.beans.factory.xml.XmlBeanDefinitionReader]Loading XML bean definitions from class path resource [org/springframework/jdbc/support/sql-error-codes.xml]
[INFO] [2017-04-11 17:13:10][org.springframework.jdbc.support.SQLErrorCodesFactory]SQLErrorCodes loaded: [DB2, Derby, H2, HSQL, Informix, MS-SQL, MySQL, Oracle, PostgreSQL, Sybase, Hana]
[INFO] [2017-04-11 17:13:10][org.springframework.context.support.GenericApplicationContext]Closing org.springframework.context.support.GenericApplicationContext@31ef45e3: startup date [Tue Apr 11 17:13:08 CST 2017]; root of context hierarchy
[INFO] [2017-04-11 17:14:11][org.springframework.test.context.support.DefaultTestContextBootstrapper]Loaded default TestExecutionListener class names from location [META-INF/spring.factories]: [org.springframework.test.context.web.ServletTestExecutionListener, org.springframework.test.context.support.DirtiesContextBeforeModesTestExecutionListener, org.springframework.test.context.support.DependencyInjectionTestExecutionListener, org.springframework.test.context.support.DirtiesContextTestExecutionListener, org.springframework.test.context.transaction.TransactionalTestExecutionListener, org.springframework.test.context.jdbc.SqlScriptsTestExecutionListener]
[INFO] [2017-04-11 17:14:11][org.springframework.test.context.support.DefaultTestContextBootstrapper]Using TestExecutionListeners: [org.springframework.test.context.web.ServletTestExecutionListener@56f4468b, org.springframework.test.context.support.DirtiesContextBeforeModesTestExecutionListener@6cc4c815, org.springframework.test.context.support.DependencyInjectionTestExecutionListener@3a82f6ef, org.springframework.test.context.support.DirtiesContextTestExecutionListener@100fc185, org.springframework.test.context.transaction.TransactionalTestExecutionListener@643b1d11, org.springframework.test.context.jdbc.SqlScriptsTestExecutionListener@2ef5e5e3]
[INFO] [2017-04-11 17:14:12][org.springframework.beans.factory.xml.XmlBeanDefinitionReader]Loading XML bean definitions from class path resource [spring-mybatis.xml]
[INFO] [2017-04-11 17:14:12][org.springframework.context.support.GenericApplicationContext]Refreshing org.springframework.context.support.GenericApplicationContext@31ef45e3: startup date [Tue Apr 11 17:14:12 CST 2017]; root of context hierarchy
[INFO] [2017-04-11 17:14:12][org.springframework.beans.factory.annotation.AutowiredAnnotationBeanPostProcessor]JSR-330 'javax.inject.Inject' annotation found and supported for autowiring
[INFO] [2017-04-11 17:14:14][org.springframework.context.support.GenericApplicationContext]Closing org.springframework.context.support.GenericApplicationContext@31ef45e3: startup date [Tue Apr 11 17:14:12 CST 2017]; root of context hierarchy
[INFO] [2017-04-11 17:18:26][org.springframework.test.context.support.DefaultTestContextBootstrapper]Loaded default TestExecutionListener class names from location [META-INF/spring.factories]: [org.springframework.test.context.web.ServletTestExecutionListener, org.springframework.test.context.support.DirtiesContextBeforeModesTestExecutionListener, org.springframework.test.context.support.DependencyInjectionTestExecutionListener, org.springframework.test.context.support.DirtiesContextTestExecutionListener, org.springframework.test.context.transaction.TransactionalTestExecutionListener, org.springframework.test.context.jdbc.SqlScriptsTestExecutionListener]
[INFO] [2017-04-11 17:18:26][org.springframework.test.context.support.DefaultTestContextBootstrapper]Using TestExecutionListeners: [org.springframework.test.context.web.ServletTestExecutionListener@56f4468b, org.springframework.test.context.support.DirtiesContextBeforeModesTestExecutionListener@6cc4c815, org.springframework.test.context.support.DependencyInjectionTestExecutionListener@3a82f6ef, org.springframework.test.context.support.DirtiesContextTestExecutionListener@100fc185, org.springframework.test.context.transaction.TransactionalTestExecutionListener@643b1d11, org.springframework.test.context.jdbc.SqlScriptsTestExecutionListener@2ef5e5e3]
[INFO] [2017-04-11 17:18:26][org.springframework.beans.factory.xml.XmlBeanDefinitionReader]Loading XML bean definitions from class path resource [spring-mybatis.xml]
[INFO] [2017-04-11 17:18:27][org.springframework.context.support.GenericApplicationContext]Refreshing org.springframework.context.support.GenericApplicationContext@31ef45e3: startup date [Tue Apr 11 17:18:27 CST 2017]; root of context hierarchy
[INFO] [2017-04-11 17:18:27][org.springframework.beans.factory.annotation.AutowiredAnnotationBeanPostProcessor]JSR-330 'javax.inject.Inject' annotation found and supported for autowiring
[INFO] [2017-04-11 17:18:29][org.springframework.context.support.GenericApplicationContext]Closing org.springframework.context.support.GenericApplicationContext@31ef45e3: startup date [Tue Apr 11 17:18:27 CST 2017]; root of context hierarchy
[INFO] [2017-04-11 17:25:46][org.springframework.test.context.support.DefaultTestContextBootstrapper]Loaded default TestExecutionListener class names from location [META-INF/spring.factories]: [org.springframework.test.context.web.ServletTestExecutionListener, org.springframework.test.context.support.DirtiesContextBeforeModesTestExecutionListener, org.springframework.test.context.support.DependencyInjectionTestExecutionListener, org.springframework.test.context.support.DirtiesContextTestExecutionListener, org.springframework.test.context.transaction.TransactionalTestExecutionListener, org.springframework.test.context.jdbc.SqlScriptsTestExecutionListener]
[INFO] [2017-04-11 17:25:46][org.springframework.test.context.support.DefaultTestContextBootstrapper]Using TestExecutionListeners: [org.springframework.test.context.web.ServletTestExecutionListener@56f4468b, org.springframework.test.context.support.DirtiesContextBeforeModesTestExecutionListener@6cc4c815, org.springframework.test.context.support.DependencyInjectionTestExecutionListener@3a82f6ef, org.springframework.test.context.support.DirtiesContextTestExecutionListener@100fc185, org.springframework.test.context.transaction.TransactionalTestExecutionListener@643b1d11, org.springframework.test.context.jdbc.SqlScriptsTestExecutionListener@2ef5e5e3]
[INFO] [2017-04-11 17:25:47][org.springframework.beans.factory.xml.XmlBeanDefinitionReader]Loading XML bean definitions from class path resource [spring-mybatis.xml]
[INFO] [2017-04-11 17:25:47][org.springframework.context.support.GenericApplicationContext]Refreshing org.springframework.context.support.GenericApplicationContext@31ef45e3: startup date [Tue Apr 11 17:25:47 CST 2017]; root of context hierarchy
[INFO] [2017-04-11 17:25:47][org.springframework.beans.factory.annotation.AutowiredAnnotationBeanPostProcessor]JSR-330 'javax.inject.Inject' annotation found and supported for autowiring
[INFO] [2017-04-11 17:25:49][org.springframework.context.support.GenericApplicationContext]Closing org.springframework.context.support.GenericApplicationContext@31ef45e3: startup date [Tue Apr 11 17:25:47 CST 2017]; root of context hierarchy
[INFO] [2017-04-11 17:29:26][org.springframework.test.context.support.DefaultTestContextBootstrapper]Loaded default TestExecutionListener class names from location [META-INF/spring.factories]: [org.springframework.test.context.web.ServletTestExecutionListener, org.springframework.test.context.support.DirtiesContextBeforeModesTestExecutionListener, org.springframework.test.context.support.DependencyInjectionTestExecutionListener, org.springframework.test.context.support.DirtiesContextTestExecutionListener, org.springframework.test.context.transaction.TransactionalTestExecutionListener, org.springframework.test.context.jdbc.SqlScriptsTestExecutionListener]
[INFO] [2017-04-11 17:29:26][org.springframework.test.context.support.DefaultTestContextBootstrapper]Using TestExecutionListeners: [org.springframework.test.context.web.ServletTestExecutionListener@56f4468b, org.springframework.test.context.support.DirtiesContextBeforeModesTestExecutionListener@6cc4c815, org.springframework.test.context.support.DependencyInjectionTestExecutionListener@3a82f6ef, org.springframework.test.context.support.DirtiesContextTestExecutionListener@100fc185, org.springframework.test.context.transaction.TransactionalTestExecutionListener@643b1d11, org.springframework.test.context.jdbc.SqlScriptsTestExecutionListener@2ef5e5e3]
[INFO] [2017-04-11 17:29:27][org.springframework.beans.factory.xml.XmlBeanDefinitionReader]Loading XML bean definitions from class path resource [spring-mybatis.xml]
[INFO] [2017-04-11 17:29:27][org.springframework.context.support.GenericApplicationContext]Refreshing org.springframework.context.support.GenericApplicationContext@31ef45e3: startup date [Tue Apr 11 17:29:27 CST 2017]; root of context hierarchy
[INFO] [2017-04-11 17:29:28][org.springframework.beans.factory.annotation.AutowiredAnnotationBeanPostProcessor]JSR-330 'javax.inject.Inject' annotation found and supported for autowiring
[INFO] [2017-04-11 17:29:30][org.springframework.context.support.GenericApplicationContext]Closing org.springframework.context.support.GenericApplicationContext@31ef45e3: startup date [Tue Apr 11 17:29:27 CST 2017]; root of context hierarchy
[INFO] [2017-04-11 17:36:48][org.springframework.test.context.support.DefaultTestContextBootstrapper]Loaded default TestExecutionListener class names from location [META-INF/spring.factories]: [org.springframework.test.context.web.ServletTestExecutionListener, org.springframework.test.context.support.DirtiesContextBeforeModesTestExecutionListener, org.springframework.test.context.support.DependencyInjectionTestExecutionListener, org.springframework.test.context.support.DirtiesContextTestExecutionListener, org.springframework.test.context.transaction.TransactionalTestExecutionListener, org.springframework.test.context.jdbc.SqlScriptsTestExecutionListener]
[INFO] [2017-04-11 17:36:48][org.springframework.test.context.support.DefaultTestContextBootstrapper]Using TestExecutionListeners: [org.springframework.test.context.web.ServletTestExecutionListener@56f4468b, org.springframework.test.context.support.DirtiesContextBeforeModesTestExecutionListener@6cc4c815, org.springframework.test.context.support.DependencyInjectionTestExecutionListener@3a82f6ef, org.springframework.test.context.support.DirtiesContextTestExecutionListener@100fc185, org.springframework.test.context.transaction.TransactionalTestExecutionListener@643b1d11, org.springframework.test.context.jdbc.SqlScriptsTestExecutionListener@2ef5e5e3]
[INFO] [2017-04-11 17:36:48][org.springframework.beans.factory.xml.XmlBeanDefinitionReader]Loading XML bean definitions from class path resource [spring-mybatis.xml]
[INFO] [2017-04-11 17:36:48][org.springframework.context.support.GenericApplicationContext]Refreshing org.springframework.context.support.GenericApplicationContext@31ef45e3: startup date [Tue Apr 11 17:36:48 CST 2017]; root of context hierarchy
[INFO] [2017-04-11 17:36:49][org.springframework.beans.factory.annotation.AutowiredAnnotationBeanPostProcessor]JSR-330 'javax.inject.Inject' annotation found and supported for autowiring
[INFO] [2017-04-11 17:36:50][org.springframework.context.support.GenericApplicationContext]Closing org.springframework.context.support.GenericApplicationContext@31ef45e3: startup date [Tue Apr 11 17:36:48 CST 2017]; root of context hierarchy
[INFO] [2017-04-11 17:37:49][org.springframework.test.context.support.DefaultTestContextBootstrapper]Loaded default TestExecutionListener class names from location [META-INF/spring.factories]: [org.springframework.test.context.web.ServletTestExecutionListener, org.springframework.test.context.support.DirtiesContextBeforeModesTestExecutionListener, org.springframework.test.context.support.DependencyInjectionTestExecutionListener, org.springframework.test.context.support.DirtiesContextTestExecutionListener, org.springframework.test.context.transaction.TransactionalTestExecutionListener, org.springframework.test.context.jdbc.SqlScriptsTestExecutionListener]
[INFO] [2017-04-11 17:37:49][org.springframework.test.context.support.DefaultTestContextBootstrapper]Using TestExecutionListeners: [org.springframework.test.context.web.ServletTestExecutionListener@56f4468b, org.springframework.test.context.support.DirtiesContextBeforeModesTestExecutionListener@6cc4c815, org.springframework.test.context.support.DependencyInjectionTestExecutionListener@3a82f6ef, org.springframework.test.context.support.DirtiesContextTestExecutionListener@100fc185, org.springframework.test.context.transaction.TransactionalTestExecutionListener@643b1d11, org.springframework.test.context.jdbc.SqlScriptsTestExecutionListener@2ef5e5e3]
[INFO] [2017-04-11 17:37:50][org.springframework.beans.factory.xml.XmlBeanDefinitionReader]Loading XML bean definitions from class path resource [spring-mybatis.xml]
[INFO] [2017-04-11 17:37:50][org.springframework.context.support.GenericApplicationContext]Refreshing org.springframework.context.support.GenericApplicationContext@31ef45e3: startup date [Tue Apr 11 17:37:50 CST 2017]; root of context hierarchy
[INFO] [2017-04-11 17:37:50][org.springframework.beans.factory.annotation.AutowiredAnnotationBeanPostProcessor]JSR-330 'javax.inject.Inject' annotation found and supported for autowiring
[INFO] [2017-04-11 17:37:52][org.springframework.context.support.GenericApplicationContext]Closing org.springframework.context.support.GenericApplicationContext@31ef45e3: startup date [Tue Apr 11 17:37:50 CST 2017]; root of context hierarchy
[INFO] [2017-04-11 17:39:44][org.springframework.test.context.support.DefaultTestContextBootstrapper]Loaded default TestExecutionListener class names from location [META-INF/spring.factories]: [org.springframework.test.context.web.ServletTestExecutionListener, org.springframework.test.context.support.DirtiesContextBeforeModesTestExecutionListener, org.springframework.test.context.support.DependencyInjectionTestExecutionListener, org.springframework.test.context.support.DirtiesContextTestExecutionListener, org.springframework.test.context.transaction.TransactionalTestExecutionListener, org.springframework.test.context.jdbc.SqlScriptsTestExecutionListener]
[INFO] [2017-04-11 17:39:44][org.springframework.test.context.support.DefaultTestContextBootstrapper]Using TestExecutionListeners: [org.springframework.test.context.web.ServletTestExecutionListener@56f4468b, org.springframework.test.context.support.DirtiesContextBeforeModesTestExecutionListener@6cc4c815, org.springframework.test.context.support.DependencyInjectionTestExecutionListener@3a82f6ef, org.springframework.test.context.support.DirtiesContextTestExecutionListener@100fc185, org.springframework.test.context.transaction.TransactionalTestExecutionListener@643b1d11, org.springframework.test.context.jdbc.SqlScriptsTestExecutionListener@2ef5e5e3]
[INFO] [2017-04-11 17:39:44][org.springframework.beans.factory.xml.XmlBeanDefinitionReader]Loading XML bean definitions from class path resource [spring-mybatis.xml]
[INFO] [2017-04-11 17:39:45][org.springframework.context.support.GenericApplicationContext]Refreshing org.springframework.context.support.GenericApplicationContext@31ef45e3: startup date [Tue Apr 11 17:39:45 CST 2017]; root of context hierarchy
[INFO] [2017-04-11 17:39:45][org.springframework.beans.factory.annotation.AutowiredAnnotationBeanPostProcessor]JSR-330 'javax.inject.Inject' annotation found and supported for autowiring
[INFO] [2017-04-11 17:39:46][org.springframework.context.support.GenericApplicationContext]Closing org.springframework.context.support.GenericApplicationContext@31ef45e3: startup date [Tue Apr 11 17:39:45 CST 2017]; root of context hierarchy
[INFO] [2017-04-11 17:44:27][org.springframework.test.context.support.DefaultTestContextBootstrapper]Loaded default TestExecutionListener class names from location [META-INF/spring.factories]: [org.springframework.test.context.web.ServletTestExecutionListener, org.springframework.test.context.support.DirtiesContextBeforeModesTestExecutionListener, org.springframework.test.context.support.DependencyInjectionTestExecutionListener, org.springframework.test.context.support.DirtiesContextTestExecutionListener, org.springframework.test.context.transaction.TransactionalTestExecutionListener, org.springframework.test.context.jdbc.SqlScriptsTestExecutionListener]
[INFO] [2017-04-11 17:44:27][org.springframework.test.context.support.DefaultTestContextBootstrapper]Using TestExecutionListeners: [org.springframework.test.context.web.ServletTestExecutionListener@56f4468b, org.springframework.test.context.support.DirtiesContextBeforeModesTestExecutionListener@6cc4c815, org.springframework.test.context.support.DependencyInjectionTestExecutionListener@3a82f6ef, org.springframework.test.context.support.DirtiesContextTestExecutionListener@100fc185, org.springframework.test.context.transaction.TransactionalTestExecutionListener@643b1d11, org.springframework.test.context.jdbc.SqlScriptsTestExecutionListener@2ef5e5e3]
[INFO] [2017-04-11 17:44:27][org.springframework.beans.factory.xml.XmlBeanDefinitionReader]Loading XML bean definitions from class path resource [spring-mybatis.xml]
[INFO] [2017-04-11 17:44:27][org.springframework.context.support.GenericApplicationContext]Refreshing org.springframework.context.support.GenericApplicationContext@31ef45e3: startup date [Tue Apr 11 17:44:27 CST 2017]; root of context hierarchy
[INFO] [2017-04-11 17:44:28][org.springframework.beans.factory.annotation.AutowiredAnnotationBeanPostProcessor]JSR-330 'javax.inject.Inject' annotation found and supported for autowiring
[INFO] [2017-04-11 17:44:29][org.springframework.context.support.GenericApplicationContext]Closing org.springframework.context.support.GenericApplicationContext@31ef45e3: startup date [Tue Apr 11 17:44:27 CST 2017]; root of context hierarchy
[INFO] [2017-04-11 17:45:19][org.springframework.test.context.support.DefaultTestContextBootstrapper]Loaded default TestExecutionListener class names from location [META-INF/spring.factories]: [org.springframework.test.context.web.ServletTestExecutionListener, org.springframework.test.context.support.DirtiesContextBeforeModesTestExecutionListener, org.springframework.test.context.support.DependencyInjectionTestExecutionListener, org.springframework.test.context.support.DirtiesContextTestExecutionListener, org.springframework.test.context.transaction.TransactionalTestExecutionListener, org.springframework.test.context.jdbc.SqlScriptsTestExecutionListener]
[INFO] [2017-04-11 17:45:19][org.springframework.test.context.support.DefaultTestContextBootstrapper]Using TestExecutionListeners: [org.springframework.test.context.web.ServletTestExecutionListener@56f4468b, org.springframework.test.context.support.DirtiesContextBeforeModesTestExecutionListener@6cc4c815, org.springframework.test.context.support.DependencyInjectionTestExecutionListener@3a82f6ef, org.springframework.test.context.support.DirtiesContextTestExecutionListener@100fc185, org.springframework.test.context.transaction.TransactionalTestExecutionListener@643b1d11, org.springframework.test.context.jdbc.SqlScriptsTestExecutionListener@2ef5e5e3]
[INFO] [2017-04-11 17:45:19][org.springframework.beans.factory.xml.XmlBeanDefinitionReader]Loading XML bean definitions from class path resource [spring-mybatis.xml]
[INFO] [2017-04-11 17:45:19][org.springframework.context.support.GenericApplicationContext]Refreshing org.springframework.context.support.GenericApplicationContext@31ef45e3: startup date [Tue Apr 11 17:45:19 CST 2017]; root of context hierarchy
[INFO] [2017-04-11 17:45:19][org.springframework.beans.factory.annotation.AutowiredAnnotationBeanPostProcessor]JSR-330 'javax.inject.Inject' annotation found and supported for autowiring
[INFO] [2017-04-11 17:45:20][org.springframework.context.support.GenericApplicationContext]Closing org.springframework.context.support.GenericApplicationContext@31ef45e3: startup date [Tue Apr 11 17:45:19 CST 2017]; root of context hierarchy
